This is pdfTeX, Version 3.14159265-2.6-1.40.21 (TeX Live 2020/W32TeX) (preloaded format=pdflatex 2020.6.18)  6 SEP 2020 12:25
entering extended mode
 restricted \write18 enabled.
 %&-line parsing enabled.
**Model.tex
(./Model.tex
LaTeX2e <2020-02-02> patch level 5
L3 programming layer <2020-06-03>
! Undefined control sequence.
l.2 \chapter
            {å»ºæ¨¡å’Œæ¨¡å‹}
The control sequence at the end of the top line
of your error message was never \def'ed. If you have
misspelled it (e.g., `\hobx'), type `I' and the correct
spelling (e.g., `I\hbox'). Otherwise just continue,
and I'll forget about whatever was undefined.


! Package inputenc Error: Unicode character å»º (U+5EFA)
(inputenc)                not set up for use with LaTeX.

See the inputenc package documentation for explanation.
Type  H <return>  for immediate help.
 ...                                              
                                                  
l.2 \chapter{å»º
                æ¨¡å’Œæ¨¡å‹}
You may provide a definition with
\DeclareUnicodeCharacter 


! Package inputenc Error: Unicode character æ¨¡ (U+6A21)
(inputenc)                not set up for use with LaTeX.

See the inputenc package documentation for explanation.
Type  H <return>  for immediate help.
 ...                                              
                                                  
l.2 \chapter{å»ºæ¨¡
                   å’Œæ¨¡å‹}
You may provide a definition with
\DeclareUnicodeCharacter 


! Package inputenc Error: Unicode character å’Œ (U+548C)
(inputenc)                not set up for use with LaTeX.

See the inputenc package documentation for explanation.
Type  H <return>  for immediate help.
 ...                                              
                                                  
l.2 \chapter{å»ºæ¨¡å’Œ
                      æ¨¡å‹}
You may provide a definition with
\DeclareUnicodeCharacter 


! Package inputenc Error: Unicode character æ¨¡ (U+6A21)
(inputenc)                not set up for use with LaTeX.

See the inputenc package documentation for explanation.
Type  H <return>  for immediate help.
 ...                                              
                                                  
l.2 \chapter{å»ºæ¨¡å’Œæ¨¡
                         å‹}
You may provide a definition with
\DeclareUnicodeCharacter 


! Package inputenc Error: Unicode character å‹ (U+578B)
(inputenc)                not set up for use with LaTeX.

See the inputenc package documentation for explanation.
Type  H <return>  for immediate help.
 ...                                              
                                                  
l.2 \chapter{å»ºæ¨¡å’Œæ¨¡å‹
                            }
You may provide a definition with
\DeclareUnicodeCharacter 


! LaTeX Error: Environment theorem undefined.

See the LaTeX manual or LaTeX Companion for explanation.
Type  H <return>  for immediate help.
 ...                                              
                                                  
l.5 \begin{theorem}
                   [\cite{Lamport78}]
Your command was ignored.
Type  I <command> <return>  to replace it with another command,
or  <return>  to continue without it.


! LaTeX Error: Missing \begin{document}.

See the LaTeX manual or LaTeX Companion for explanation.
Type  H <return>  for immediate help.
 ...                                              
                                                  
l.5 \begin{theorem}[
                    \cite{Lamport78}]
You're in trouble here.  Try typing  <return>  to proceed.
If that doesn't work, type  X <return>  to quit.

Missing character: There is no [ in font nullfont!
Missing character: There is no [ in font nullfont!
\citation{Lamport78}
! Undefined control sequence.
<write> ...: Citation `\@citeb ' on page \thepage 
                                                  \space undefined\on@line .
l.5 \begin{theorem}[\cite{Lamport78}
                                    ]
The control sequence at the end of the top line
of your error message was never \def'ed. If you have
misspelled it (e.g., `\hobx'), type `I' and the correct
spelling (e.g., `I\hbox'). Otherwise just continue,
and I'll forget about whatever was undefined.


LaTeX Warning: Citation `Lamport78' on page  undefined on input line 5.

Missing character: There is no ] in font nullfont!
Missing character: There is no ] in font nullfont!

Overfull \hbox (25.43053pt too wide) in paragraph at lines 5--6
[][] 
 []


! Package inputenc Error: Unicode character æ¶ˆ (U+6D88)
(inputenc)                not set up for use with LaTeX.

See the inputenc package documentation for explanation.
Type  H <return>  for immediate help.
 ...                                              
                                                  
l.7     æ¶ˆ
           æ¯ä¼ é€’æ¨¡å‹çš„åŸºæœ¬æ¦‚å¿µã€‚
You may provide a definition with
\DeclareUnicodeCharacter 


! Package inputenc Error: Unicode character æ¯ (U+606F)
(inputenc)                not set up for use with LaTeX.

See the inputenc package documentation for explanation.
Type  H <return>  for immediate help.
 ...                                              
                                                  
l.7     æ¶ˆæ¯
              ä¼ é€’æ¨¡å‹çš„åŸºæœ¬æ¦‚å¿µã€‚
You may provide a definition with
\DeclareUnicodeCharacter 


! Package inputenc Error: Unicode character ä¼  (U+4F20)
(inputenc)                not set up for use with LaTeX.

See the inputenc package documentation for explanation.
Type  H <return>  for immediate help.
 ...                                              
                                                  
l.7     æ¶ˆæ¯ä¼ 
                 é€’æ¨¡å‹çš„åŸºæœ¬æ¦‚å¿µã€‚
You may provide a definition with
\DeclareUnicodeCharacter 


! Package inputenc Error: Unicode character é€’ (U+9012)
(inputenc)                not set up for use with LaTeX.

See the inputenc package documentation for explanation.
Type  H <return>  for immediate help.
 ...                                              
                                                  
l.7     æ¶ˆæ¯ä¼ é€’
                    æ¨¡å‹çš„åŸºæœ¬æ¦‚å¿µã€‚
You may provide a definition with
\DeclareUnicodeCharacter 


! Package inputenc Error: Unicode character æ¨¡ (U+6A21)
(inputenc)                not set up for use with LaTeX.

See the inputenc package documentation for explanation.
Type  H <return>  for immediate help.
 ...                                              
                                                  
l.7     æ¶ˆæ¯ä¼ é€’æ¨¡
                       å‹çš„åŸºæœ¬æ¦‚å¿µã€‚
You may provide a definition with
\DeclareUnicodeCharacter 


! Package inputenc Error: Unicode character å‹ (U+578B)
(inputenc)                not set up for use with LaTeX.

See the inputenc package documentation for explanation.
Type  H <return>  for immediate help.
 ...                                              
                                                  
l.7     æ¶ˆæ¯ä¼ é€’æ¨¡å‹
                          çš„åŸºæœ¬æ¦‚å¿µã€‚
You may provide a definition with
\DeclareUnicodeCharacter 


! Package inputenc Error: Unicode character çš„ (U+7684)
(inputenc)                not set up for use with LaTeX.

See the inputenc package documentation for explanation.
Type  H <return>  for immediate help.
 ...                                              
                                                  
l.7     æ¶ˆæ¯ä¼ é€’æ¨¡å‹çš„
                             åŸºæœ¬æ¦‚å¿µã€‚
You may provide a definition with
\DeclareUnicodeCharacter 


! Package inputenc Error: Unicode character åŸº (U+57FA)
(inputenc)                not set up for use with LaTeX.

See the inputenc package documentation for explanation.
Type  H <return>  for immediate help.
 ...                                              
                                                  
l.7     æ¶ˆæ¯ä¼ é€’æ¨¡å‹çš„åŸº
                                æœ¬æ¦‚å¿µã€‚
You may provide a definition with
\DeclareUnicodeCharacter 


! Package inputenc Error: Unicode character æœ¬ (U+672C)
(inputenc)                not set up for use with LaTeX.

See the inputenc package documentation for explanation.
Type  H <return>  for immediate help.
 ...                                              
                                                  
l.7     æ¶ˆæ¯ä¼ é€’æ¨¡å‹çš„åŸºæœ¬
                                   æ¦‚å¿µã€‚
You may provide a definition with
\DeclareUnicodeCharacter 


! Package inputenc Error: Unicode character æ¦‚ (U+6982)
(inputenc)                not set up for use with LaTeX.

See the inputenc package documentation for explanation.
Type  H <return>  for immediate help.
 ...                                              
                                                  
l.7     æ¶ˆæ¯ä¼ é€’æ¨¡å‹çš„åŸºæœ¬æ¦‚
                                      å¿µã€‚
You may provide a definition with
\DeclareUnicodeCharacter 


! Package inputenc Error: Unicode character å¿µ (U+5FF5)
(inputenc)                not set up for use with LaTeX.

See the inputenc package documentation for explanation.
Type  H <return>  for immediate help.
 ...                                              
                                                  
l.7     æ¶ˆæ¯ä¼ é€’æ¨¡å‹çš„åŸºæœ¬æ¦‚å¿µ
                                         ã€‚
You may provide a definition with
\DeclareUnicodeCharacter 


! Package inputenc Error: Unicode character ã€‚ (U+3002)
(inputenc)                not set up for use with LaTeX.

See the inputenc package documentation for explanation.
Type  H <return>  for immediate help.
 ...                                              
                                                  
l.7     æ¶ˆæ¯ä¼ é€’æ¨¡å‹çš„åŸºæœ¬æ¦‚å¿µã€‚
                                            
You may provide a definition with
\DeclareUnicodeCharacter 


! LaTeX Error: \begin{document} ended by \end{theorem}.

See the LaTeX manual or LaTeX Companion for explanation.
Type  H <return>  for immediate help.
 ...                                              
                                                  
l.9 \end{theorem}
                 
Your command was ignored.
Type  I <command> <return>  to replace it with another command,
or  <return>  to continue without it.


! LaTeX Error: Environment theorem undefined.

See the LaTeX manual or LaTeX Companion for explanation.
Type  H <return>  for immediate help.
 ...                                              
                                                  
l.12 \begin{theorem}
                    [\cite{Mattern89}]
Your command was ignored.
Type  I <command> <return>  to replace it with another command,
or  <return>  to continue without it.


! LaTeX Error: Missing \begin{document}.

See the LaTeX manual or LaTeX Companion for explanation.
Type  H <return>  for immediate help.
 ...                                              
                                                  
l.12 \begin{theorem}[
                     \cite{Mattern89}]
You're in trouble here.  Try typing  <return>  to proceed.
If that doesn't work, type  X <return>  to quit.

Missing character: There is no [ in font nullfont!
Missing character: There is no [ in font nullfont!
\citation{Mattern89}
! Undefined control sequence.
<write> ...: Citation `\@citeb ' on page \thepage 
                                                  \space undefined\on@line .
l.12 \begin{theorem}[\cite{Mattern89}
                                     ]
The control sequence at the end of the top line
of your error message was never \def'ed. If you have
misspelled it (e.g., `\hobx'), type `I' and the correct
spelling (e.g., `I\hbox'). Otherwise just continue,
and I'll forget about whatever was undefined.


LaTeX Warning: Citation `Mattern89' on page  undefined on input line 12.

Missing character: There is no ] in font nullfont!
Missing character: There is no ] in font nullfont!

Overfull \hbox (25.43053pt too wide) in paragraph at lines 12--13
[][] 
 []


! Package inputenc Error: Unicode character é€» (U+903B)
(inputenc)                not set up for use with LaTeX.

See the inputenc package documentation for explanation.
Type  H <return>  for immediate help.
 ...                                              
                                                  
l.14      é€»
             è¾‘æ—¶é’Ÿã€‚
You may provide a definition with
\DeclareUnicodeCharacter 


! Package inputenc Error: Unicode character è¾‘ (U+8F91)
(inputenc)                not set up for use with LaTeX.

See the inputenc package documentation for explanation.
Type  H <return>  for immediate help.
 ...                                              
                                                  
l.14      é€»è¾‘
                æ—¶é’Ÿã€‚
You may provide a definition with
\DeclareUnicodeCharacter 


! Package inputenc Error: Unicode character æ—¶ (U+65F6)
(inputenc)                not set up for use with LaTeX.

See the inputenc package documentation for explanation.
Type  H <return>  for immediate help.
 ...                                              
                                                  
l.14      é€»è¾‘æ—¶
                   é’Ÿã€‚
You may provide a definition with
\DeclareUnicodeCharacter 


! Package inputenc Error: Unicode character é’Ÿ (U+949F)
(inputenc)                not set up for use with LaTeX.

See the inputenc package documentation for explanation.
Type  H <return>  for immediate help.
 ...                                              
                                                  
l.14      é€»è¾‘æ—¶é’Ÿ
                      ã€‚
You may provide a definition with
\DeclareUnicodeCharacter 


! Package inputenc Error: Unicode character ã€‚ (U+3002)
(inputenc)                not set up for use with LaTeX.

See the inputenc package documentation for explanation.
Type  H <return>  for immediate help.
 ...                                              
                                                  
l.14      é€»è¾‘æ—¶é’Ÿã€‚
                         
You may provide a definition with
\DeclareUnicodeCharacter 


! LaTeX Error: \begin{document} ended by \end{theorem}.

See the LaTeX manual or LaTeX Companion for explanation.
Type  H <return>  for immediate help.
 ...                                              
                                                  
l.16 \end{theorem}
                  
Your command was ignored.
Type  I <command> <return>  to replace it with another command,
or  <return>  to continue without it.


! LaTeX Error: Environment theorem undefined.

See the LaTeX manual or LaTeX Companion for explanation.
Type  H <return>  for immediate help.
 ...                                              
                                                  
l.19 \begin{theorem}
                    [\cite{Lamport86a, Lamport86b}]
Your command was ignored.
Type  I <command> <return>  to replace it with another command,
or  <return>  to continue without it.


! LaTeX Error: Missing \begin{document}.

See the LaTeX manual or LaTeX Companion for explanation.
Type  H <return>  for immediate help.
 ...                                              
                                                  
l.19 \begin{theorem}[
                     \cite{Lamport86a, Lamport86b}]
You're in trouble here.  Try typing  <return>  to proceed.
If that doesn't work, type  X <return>  to quit.

Missing character: There is no [ in font nullfont!
Missing character: There is no [ in font nullfont!
\citation{Lamport86a}
! Undefined control sequence.
<write> ...: Citation `\@citeb ' on page \thepage 
                                                  \space undefined\on@line .
l.19 \begin{theorem}[\cite{Lamport86a, Lamport86b}
                                                  ]
The control sequence at the end of the top line
of your error message was never \def'ed. If you have
misspelled it (e.g., `\hobx'), type `I' and the correct
spelling (e.g., `I\hbox'). Otherwise just continue,
and I'll forget about whatever was undefined.


LaTeX Warning: Citation `Lamport86a' on page  undefined on input line 19.

Missing character: There is no , in font nullfont!
\citation{Lamport86b}
! Undefined control sequence.
<write> ...: Citation `\@citeb ' on page \thepage 
                                                  \space undefined\on@line .
l.19 \begin{theorem}[\cite{Lamport86a, Lamport86b}
                                                  ]
The control sequence at the end of the top line
of your error message was never \def'ed. If you have
misspelled it (e.g., `\hobx'), type `I' and the correct
spelling (e.g., `I\hbox'). Otherwise just continue,
and I'll forget about whatever was undefined.


LaTeX Warning: Citation `Lamport86b' on page  undefined on input line 19.

Missing character: There is no ] in font nullfont!
Missing character: There is no ] in font nullfont!

Overfull \hbox (25.43053pt too wide) in paragraph at lines 19--20
[][]
 []


Overfull \hbox (5.43053pt too wide) in paragraph at lines 19--20
[] 
 []


! Package inputenc Error: Unicode character åŸº (U+57FA)
(inputenc)                not set up for use with LaTeX.

See the inputenc package documentation for explanation.
Type  H <return>  for immediate help.
 ...                                              
                                                  
l.21     åŸº
            ç¡€å»ºæ¨¡ã€‚
You may provide a definition with
\DeclareUnicodeCharacter 


! Package inputenc Error: Unicode character ç¡€ (U+7840)
(inputenc)                not set up for use with LaTeX.

See the inputenc package documentation for explanation.
Type  H <return>  for immediate help.
 ...                                              
                                                  
l.21     åŸºç¡€
               å»ºæ¨¡ã€‚
You may provide a definition with
\DeclareUnicodeCharacter 


! Package inputenc Error: Unicode character å»º (U+5EFA)
(inputenc)                not set up for use with LaTeX.

See the inputenc package documentation for explanation.
Type  H <return>  for immediate help.
 ...                                              
                                                  
l.21     åŸºç¡€å»º
                  æ¨¡ã€‚
You may provide a definition with
\DeclareUnicodeCharacter 


! Package inputenc Error: Unicode character æ¨¡ (U+6A21)
(inputenc)                not set up for use with LaTeX.

See the inputenc package documentation for explanation.
Type  H <return>  for immediate help.
 ...                                              
                                                  
l.21     åŸºç¡€å»ºæ¨¡
                     ã€‚
You may provide a definition with
\DeclareUnicodeCharacter 


! Package inputenc Error: Unicode character ã€‚ (U+3002)
(inputenc)                not set up for use with LaTeX.

See the inputenc package documentation for explanation.
Type  H <return>  for immediate help.
 ...                                              
                                                  
l.21     åŸºç¡€å»ºæ¨¡ã€‚
                        
You may provide a definition with
\DeclareUnicodeCharacter 


! Package inputenc Error: Unicode character åŒ… (U+5305)
(inputenc)                not set up for use with LaTeX.

See the inputenc package documentation for explanation.
Type  H <return>  for immediate help.
 ...                                              
                                                  
l.23     åŒ…
            æ‹¬atomic/regular/safe registerçš„æ¦‚å¿µç­‰ã€‚
You may provide a definition with
\DeclareUnicodeCharacter 


! Package inputenc Error: Unicode character æ‹¬ (U+62EC)
(inputenc)                not set up for use with LaTeX.

See the inputenc package documentation for explanation.
Type  H <return>  for immediate help.
 ...                                              
                                                  
l.23     åŒ…æ‹¬
               atomic/regular/safe registerçš„æ¦‚å¿µç­‰ã€‚
You may provide a definition with
\DeclareUnicodeCharacter 


! LaTeX Error: Missing \begin{document}.

See the LaTeX manual or LaTeX Companion for explanation.
Type  H <return>  for immediate help.
 ...                                              
                                                  
l.23     åŒ…æ‹¬a
                tomic/regular/safe registerçš„æ¦‚å¿µç­‰ã€‚
You're in trouble here.  Try typing  <return>  to proceed.
If that doesn't work, type  X <return>  to quit.

Missing character: There is no a in font nullfont!
Missing character: There is no t in font nullfont!
Missing character: There is no o in font nullfont!
Missing character: There is no m in font nullfont!
Missing character: There is no i in font nullfont!
Missing character: There is no c in font nullfont!
Missing character: There is no / in font nullfont!
Missing character: There is no r in font nullfont!
Missing character: There is no e in font nullfont!
Missing character: There is no g in font nullfont!
Missing character: There is no u in font nullfont!
Missing character: There is no l in font nullfont!
Missing character: There is no a in font nullfont!
Missing character: There is no r in font nullfont!
Missing character: There is no / in font nullfont!
Missing character: There is no s in font nullfont!
Missing character: There is no a in font nullfont!
Missing character: There is no f in font nullfont!
Missing character: There is no e in font nullfont!
Missing character: There is no r in font nullfont!
Missing character: There is no e in font nullfont!
Missing character: There is no g in font nullfont!
Missing character: There is no i in font nullfont!
Missing character: There is no s in font nullfont!
Missing character: There is no t in font nullfont!
Missing character: There is no e in font nullfont!
Missing character: There is no r in font nullfont!

! Package inputenc Error: Unicode character çš„ (U+7684)
(inputenc)                not set up for use with LaTeX.

See the inputenc package documentation for explanation.
Type  H <return>  for immediate help.
 ...                                              
                                                  
l.23     åŒ…æ‹¬atomic/regular/safe registerçš„
                                              æ¦‚å¿µç­‰ã€‚
You may provide a definition with
\DeclareUnicodeCharacter 


! Package inputenc Error: Unicode character æ¦‚ (U+6982)
(inputenc)                not set up for use with LaTeX.

See the inputenc package documentation for explanation.
Type  H <return>  for immediate help.
 ...                                              
                                                  
l.23     åŒ…æ‹¬atomic/regular/safe registerçš„æ¦‚
                                                 å¿µç­‰ã€‚
You may provide a definition with
\DeclareUnicodeCharacter 


! Package inputenc Error: Unicode character å¿µ (U+5FF5)
(inputenc)                not set up for use with LaTeX.

See the inputenc package documentation for explanation.
Type  H <return>  for immediate help.
 ...                                              
                                                  
l.23 ...Œ…æ‹¬atomic/regular/safe registerçš„æ¦‚å¿µ
                                                  ç­‰ã€‚
You may provide a definition with
\DeclareUnicodeCharacter 


! Package inputenc Error: Unicode character ç­‰ (U+7B49)
(inputenc)                not set up for use with LaTeX.

See the inputenc package documentation for explanation.
Type  H <return>  for immediate help.
 ...                                              
                                                  
l.23 ...‹¬atomic/regular/safe registerçš„æ¦‚å¿µç­‰
                                                  ã€‚
You may provide a definition with
\DeclareUnicodeCharacter 


! Package inputenc Error: Unicode character ã€‚ (U+3002)
(inputenc)                not set up for use with LaTeX.

See the inputenc package documentation for explanation.
Type  H <return>  for immediate help.
 ...                                              
                                                  
l.23 ...tomic/regular/safe registerçš„æ¦‚å¿µç­‰ã€‚
                                                  
You may provide a definition with
\DeclareUnicodeCharacter 


Overfull \hbox (20.0pt too wide) in paragraph at lines 23--24
[]
 []


! LaTeX Error: \begin{document} ended by \end{theorem}.

See the LaTeX manual or LaTeX Companion for explanation.
Type  H <return>  for immediate help.
 ...                                              
                                                  
l.25 \end{theorem}
                  
Your command was ignored.
Type  I <command> <return>  to replace it with another command,
or  <return>  to continue without it.


! LaTeX Error: Environment theorem undefined.

See the LaTeX manual or LaTeX Companion for explanation.
Type  H <return>  for immediate help.
 ...                                              
                                                  
l.28 \begin{theorem}
                    [\cite{Misra86}]
Your command was ignored.
Type  I <command> <return>  to replace it with another command,
or  <return>  to continue without it.


! LaTeX Error: Missing \begin{document}.

See the LaTeX manual or LaTeX Companion for explanation.
Type  H <return>  for immediate help.
 ...                                              
                                                  
l.28 \begin{theorem}[
                     \cite{Misra86}]
You're in trouble here.  Try typing  <return>  to proceed.
If that doesn't work, type  X <return>  to quit.

Missing character: There is no [ in font nullfont!
Missing character: There is no [ in font nullfont!
\citation{Misra86}
! Undefined control sequence.
<write> ...: Citation `\@citeb ' on page \thepage 
                                                  \space undefined\on@line .
l.28 \begin{theorem}[\cite{Misra86}
                                   ]
The control sequence at the end of the top line
of your error message was never \def'ed. If you have
misspelled it (e.g., `\hobx'), type `I' and the correct
spelling (e.g., `I\hbox'). Otherwise just continue,
and I'll forget about whatever was undefined.


LaTeX Warning: Citation `Misra86' on page  undefined on input line 28.

Missing character: There is no ] in font nullfont!
Missing character: There is no ] in font nullfont!

Overfull \hbox (25.43053pt too wide) in paragraph at lines 28--29
[][] 
 []


! Package inputenc Error: Unicode character ç¡¬ (U+786C)
(inputenc)                not set up for use with LaTeX.

See the inputenc package documentation for explanation.
Type  H <return>  for immediate help.
 ...                                              
                                                  
l.30     ç¡¬
            ä»¶è®¿é—®çš„å…¬ç†åŒ–å»ºæ¨¡ã€‚
You may provide a definition with
\DeclareUnicodeCharacter 


! Package inputenc Error: Unicode character ä»¶ (U+4EF6)
(inputenc)                not set up for use with LaTeX.

See the inputenc package documentation for explanation.
Type  H <return>  for immediate help.
 ...                                              
                                                  
l.30     ç¡¬ä»¶
               è®¿é—®çš„å…¬ç†åŒ–å»ºæ¨¡ã€‚
You may provide a definition with
\DeclareUnicodeCharacter 


! Package inputenc Error: Unicode character è®¿ (U+8BBF)
(inputenc)                not set up for use with LaTeX.

See the inputenc package documentation for explanation.
Type  H <return>  for immediate help.
 ...                                              
                                                  
l.30     ç¡¬ä»¶è®¿
                  é—®çš„å…¬ç†åŒ–å»ºæ¨¡ã€‚
You may provide a definition with
\DeclareUnicodeCharacter 


! Package inputenc Error: Unicode character é—® (U+95EE)
(inputenc)                not set up for use with LaTeX.

See the inputenc package documentation for explanation.
Type  H <return>  for immediate help.
 ...                                              
                                                  
l.30     ç¡¬ä»¶è®¿é—®
                     çš„å…¬ç†åŒ–å»ºæ¨¡ã€‚
You may provide a definition with
\DeclareUnicodeCharacter 


! Package inputenc Error: Unicode character çš„ (U+7684)
(inputenc)                not set up for use with LaTeX.

See the inputenc package documentation for explanation.
Type  H <return>  for immediate help.
 ...                                              
                                                  
l.30     ç¡¬ä»¶è®¿é—®çš„
                        å…¬ç†åŒ–å»ºæ¨¡ã€‚
You may provide a definition with
\DeclareUnicodeCharacter 


! Package inputenc Error: Unicode character å…¬ (U+516C)
(inputenc)                not set up for use with LaTeX.

See the inputenc package documentation for explanation.
Type  H <return>  for immediate help.
 ...                                              
                                                  
l.30     ç¡¬ä»¶è®¿é—®çš„å…¬
                           ç†åŒ–å»ºæ¨¡ã€‚
You may provide a definition with
\DeclareUnicodeCharacter 


! Package inputenc Error: Unicode character ç† (U+7406)
(inputenc)                not set up for use with LaTeX.

See the inputenc package documentation for explanation.
Type  H <return>  for immediate help.
 ...                                              
                                                  
l.30     ç¡¬ä»¶è®¿é—®çš„å…¬ç†
                              åŒ–å»ºæ¨¡ã€‚
You may provide a definition with
\DeclareUnicodeCharacter 


! Package inputenc Error: Unicode character åŒ– (U+5316)
(inputenc)                not set up for use with LaTeX.

See the inputenc package documentation for explanation.
Type  H <return>  for immediate help.
 ...                                              
                                                  
l.30     ç¡¬ä»¶è®¿é—®çš„å…¬ç†åŒ–
                                 å»ºæ¨¡ã€‚
You may provide a definition with
\DeclareUnicodeCharacter 


! Package inputenc Error: Unicode character å»º (U+5EFA)
(inputenc)                not set up for use with LaTeX.

See the inputenc package documentation for explanation.
Type  H <return>  for immediate help.
 ...                                              
                                                  
l.30     ç¡¬ä»¶è®¿é—®çš„å…¬ç†åŒ–å»º
                                    æ¨¡ã€‚
You may provide a definition with
\DeclareUnicodeCharacter 


! Package inputenc Error: Unicode character æ¨¡ (U+6A21)
(inputenc)                not set up for use with LaTeX.

See the inputenc package documentation for explanation.
Type  H <return>  for immediate help.
 ...                                              
                                                  
l.30     ç¡¬ä»¶è®¿é—®çš„å…¬ç†åŒ–å»ºæ¨¡
                                       ã€‚
You may provide a definition with
\DeclareUnicodeCharacter 


! Package inputenc Error: Unicode character ã€‚ (U+3002)
(inputenc)                not set up for use with LaTeX.

See the inputenc package documentation for explanation.
Type  H <return>  for immediate help.
 ...                                              
                                                  
l.30     ç¡¬ä»¶è®¿é—®çš„å…¬ç†åŒ–å»ºæ¨¡ã€‚
                                          
You may provide a definition with
\DeclareUnicodeCharacter 


! LaTeX Error: \begin{document} ended by \end{theorem}.

See the LaTeX manual or LaTeX Companion for explanation.
Type  H <return>  for immediate help.
 ...                                              
                                                  
l.32 \end{theorem}
                  
Your command was ignored.
Type  I <command> <return>  to replace it with another command,
or  <return>  to continue without it.


! LaTeX Error: Environment theorem undefined.

See the LaTeX manual or LaTeX Companion for explanation.
Type  H <return>  for immediate help.
 ...                                              
                                                  
l.35 \begin{theorem}
                    [\cite{Chandra96}]
Your command was ignored.
Type  I <command> <return>  to replace it with another command,
or  <return>  to continue without it.


! LaTeX Error: Missing \begin{document}.

See the LaTeX manual or LaTeX Companion for explanation.
Type  H <return>  for immediate help.
 ...                                              
                                                  
l.35 \begin{theorem}[
                     \cite{Chandra96}]
You're in trouble here.  Try typing  <return>  to proceed.
If that doesn't work, type  X <return>  to quit.

Missing character: There is no [ in font nullfont!
Missing character: There is no [ in font nullfont!
\citation{Chandra96}
! Undefined control sequence.
<write> ...: Citation `\@citeb ' on page \thepage 
                                                  \space undefined\on@line .
l.35 \begin{theorem}[\cite{Chandra96}
                                     ]
The control sequence at the end of the top line
of your error message was never \def'ed. If you have
misspelled it (e.g., `\hobx'), type `I' and the correct
spelling (e.g., `I\hbox'). Otherwise just continue,
and I'll forget about whatever was undefined.


LaTeX Warning: Citation `Chandra96' on page  undefined on input line 35.

Missing character: There is no ] in font nullfont!
Missing character: There is no ] in font nullfont!

Overfull \hbox (25.43053pt too wide) in paragraph at lines 35--36
[][] 
 []


! LaTeX Error: Missing \begin{document}.

See the LaTeX manual or LaTeX Companion for explanation.
Type  H <return>  for immediate help.
 ...                                              
                                                  
l.37     F
          ailure detectorçš„æ¦‚å¿µã€‚
You're in trouble here.  Try typing  <return>  to proceed.
If that doesn't work, type  X <return>  to quit.

Missing character: There is no F in font nullfont!
Missing character: There is no a in font nullfont!
Missing character: There is no i in font nullfont!
Missing character: There is no l in font nullfont!
Missing character: There is no u in font nullfont!
Missing character: There is no r in font nullfont!
Missing character: There is no e in font nullfont!
Missing character: There is no d in font nullfont!
Missing character: There is no e in font nullfont!
Missing character: There is no t in font nullfont!
Missing character: There is no e in font nullfont!
Missing character: There is no c in font nullfont!
Missing character: There is no t in font nullfont!
Missing character: There is no o in font nullfont!
Missing character: There is no r in font nullfont!

! Package inputenc Error: Unicode character çš„ (U+7684)
(inputenc)                not set up for use with LaTeX.

See the inputenc package documentation for explanation.
Type  H <return>  for immediate help.
 ...                                              
                                                  
l.37     Failure detectorçš„
                            æ¦‚å¿µã€‚
You may provide a definition with
\DeclareUnicodeCharacter 


! Package inputenc Error: Unicode character æ¦‚ (U+6982)
(inputenc)                not set up for use with LaTeX.

See the inputenc package documentation for explanation.
Type  H <return>  for immediate help.
 ...                                              
                                                  
l.37     Failure detectorçš„æ¦‚
                               å¿µã€‚
You may provide a definition with
\DeclareUnicodeCharacter 


! Package inputenc Error: Unicode character å¿µ (U+5FF5)
(inputenc)                not set up for use with LaTeX.

See the inputenc package documentation for explanation.
Type  H <return>  for immediate help.
 ...                                              
                                                  
l.37     Failure detectorçš„æ¦‚å¿µ
                                  ã€‚
You may provide a definition with
\DeclareUnicodeCharacter 


! Package inputenc Error: Unicode character ã€‚ (U+3002)
(inputenc)                not set up for use with LaTeX.

See the inputenc package documentation for explanation.
Type  H <return>  for immediate help.
 ...                                              
                                                  
l.37     Failure detectorçš„æ¦‚å¿µã€‚
                                     
You may provide a definition with
\DeclareUnicodeCharacter 


Overfull \hbox (20.0pt too wide) in paragraph at lines 37--38
[]
 []


! LaTeX Error: \begin{document} ended by \end{theorem}.

See the LaTeX manual or LaTeX Companion for explanation.
Type  H <return>  for immediate help.
 ...                                              
                                                  
l.39 \end{theorem}
                  
Your command was ignored.
Type  I <command> <return>  to replace it with another command,
or  <return>  to continue without it.

)
! Emergency stop.
<*> Model.tex
             
*** (job aborted, no legal \end found)

 
Here is how much of TeX's memory you used:
 49 strings out of 480478
 590 string characters out of 5903485
 239149 words of memory out of 5000000
 16174 multiletter control sequences out of 15000+600000
 532646 words of font info for 25 fonts, out of 8000000 for 9000
 1141 hyphenation exceptions out of 8191
 18i,2n,23p,74b,104s stack positions out of 5000i,500n,10000p,200000b,80000s
!  ==> Fatal error occurred, no output PDF file produced!
